This file contains any messages produced by compilers while
running configure, to aid debugging if configure makes a mistake.

It was created by taulop configure 0.1, which was
generated by GNU Autoconf 2.69.  Invocation command line was

  $ ./configure --prefix=/Users/jarico/Documents/Investigacion/Software/libtaulop --with-params=/Users/jarico/Documents/Investigacion/Software/libtaulop-master/params/ciemat CXX=g++

## --------- ##
## Platform. ##
## --------- ##

hostname = Ambroz.home
uname -m = x86_64
uname -r = 19.6.0
uname -s = Darwin
uname -v = Darwin Kernel Version 19.6.0: Sun Jul  5 00:43:10 PDT 2020; root:xnu-6153.141.1~9/RELEASE_X86_64

/usr/bin/uname -p = i386
/bin/uname -X     = unknown

/bin/arch              = unknown
/usr/bin/arch -k       = unknown
/usr/convex/getsysinfo = unknown
/usr/bin/hostinfo      = Mach kernel version:
	 Darwin Kernel Version 19.6.0: Sun Jul  5 00:43:10 PDT 2020; root:xnu-6153.141.1~9/RELEASE_X86_64
Kernel configured for up to 8 processors.
4 processors are physically available.
8 processors are logically available.
Processor type: x86_64h (Intel x86-64h Haswell)
Processors active: 0 1 2 3 4 5 6 7
Primary memory available: 16.00 gigabytes
Default processor set: 652 tasks, 3603 threads, 8 processors
Load average: 6.86, Mach factor: 2.93
/bin/machine           = unknown
/usr/bin/oslevel       = unknown
/bin/universe          = unknown

PATH: /opt/local/bin
PATH: /opt/local/sbin
PATH: /Users/jarico/Apps/anaconda3/bin
PATH: /Users/jarico/Apps/anaconda3/condabin
PATH: /usr/local/bin
PATH: /usr/bin
PATH: /bin
PATH: /usr/sbin
PATH: /sbin
PATH: /Library/TeX/texbin
PATH: /opt/X11/bin
PATH: /Library/Apple/usr/bin


## ----------- ##
## Core tests. ##
## ----------- ##

configure:1844: checking for a BSD-compatible install
configure:1912: result: /usr/bin/install -c
configure:1923: checking whether build environment is sane
configure:1978: result: yes
configure:2129: checking for a thread-safe mkdir -p
configure:2168: result: ./install-sh -c -d
configure:2175: checking for gawk
configure:2205: result: no
configure:2175: checking for mawk
configure:2205: result: no
configure:2175: checking for nawk
configure:2205: result: no
configure:2175: checking for awk
configure:2191: found /usr/bin/awk
configure:2202: result: awk
configure:2213: checking whether make sets $(MAKE)
configure:2235: result: yes
configure:2264: checking whether make supports nested variables
configure:2281: result: yes
configure:2418: checking whether make supports nested variables
configure:2435: result: yes
configure:2560: checking for C++ compiler version
configure:2569: g++ --version >&5
Apple LLVM version 10.0.1 (clang-1001.0.46.2)
Target: x86_64-apple-darwin19.6.0
Thread model: posix
InstalledDir: /Applications/Xcode-beta.app/Contents/Developer/Toolchains/XcodeDefault.xctoolchain/usr/bin
Configured with: --prefix=/Applications/Xcode-beta.app/Contents/Developer/usr --with-gxx-include-dir=/Library/Developer/CommandLineTools/SDKs/MacOSX10.15.sdk/usr/include/c++/4.2.1
configure:2580: $? = 0
configure:2569: g++ -v >&5
Configured with: --prefix=/Applications/Xcode-beta.app/Contents/Developer/usr --with-gxx-include-dir=/Library/Developer/CommandLineTools/SDKs/MacOSX10.15.sdk/usr/include/c++/4.2.1
Apple LLVM version 10.0.1 (clang-1001.0.46.2)
Target: x86_64-apple-darwin19.6.0
Thread model: posix
InstalledDir: /Applications/Xcode-beta.app/Contents/Developer/Toolchains/XcodeDefault.xctoolchain/usr/bin
configure:2580: $? = 0
configure:2569: g++ -V >&5
clang: error: unsupported option '-V -Wno-atomic-implicit-seq-cst'
clang: error: no input files
configure:2580: $? = 1
configure:2569: g++ -qversion >&5
clang: error: unknown argument '-qversion', did you mean '--version'?
clang: error: no input files
configure:2580: $? = 1
configure:2600: checking whether the C++ compiler works
configure:2622: g++ -march=core2 -mtune=haswell -mssse3 -ftree-vectorize -fPIC -fPIE -fstack-protector-strong -O2 -pipe -stdlib=libc++ -fvisibility-inlines-hidden -std=c++14 -fmessage-length=0 -D_FORTIFY_SOURCE=2 -mmacosx-version-min=10.9 -Wl,-pie -Wl,-headerpad_max_install_names -Wl,-dead_strip_dylibs conftest.cpp  >&5
configure:2626: $? = 0
configure:2674: result: yes
configure:2677: checking for C++ compiler default output file name
configure:2679: result: a.out
configure:2685: checking for suffix of executables
configure:2692: g++ -o conftest -march=core2 -mtune=haswell -mssse3 -ftree-vectorize -fPIC -fPIE -fstack-protector-strong -O2 -pipe -stdlib=libc++ -fvisibility-inlines-hidden -std=c++14 -fmessage-length=0 -D_FORTIFY_SOURCE=2 -mmacosx-version-min=10.9 -Wl,-pie -Wl,-headerpad_max_install_names -Wl,-dead_strip_dylibs conftest.cpp  >&5
configure:2696: $? = 0
configure:2718: result: 
configure:2740: checking whether we are cross compiling
configure:2748: g++ -o conftest -march=core2 -mtune=haswell -mssse3 -ftree-vectorize -fPIC -fPIE -fstack-protector-strong -O2 -pipe -stdlib=libc++ -fvisibility-inlines-hidden -std=c++14 -fmessage-length=0 -D_FORTIFY_SOURCE=2 -mmacosx-version-min=10.9 -Wl,-pie -Wl,-headerpad_max_install_names -Wl,-dead_strip_dylibs conftest.cpp  >&5
configure:2752: $? = 0
configure:2759: ./conftest
configure:2763: $? = 0
configure:2778: result: no
configure:2783: checking for suffix of object files
configure:2805: g++ -c -march=core2 -mtune=haswell -mssse3 -ftree-vectorize -fPIC -fPIE -fstack-protector-strong -O2 -pipe -stdlib=libc++ -fvisibility-inlines-hidden -std=c++14 -fmessage-length=0 -D_FORTIFY_SOURCE=2 -mmacosx-version-min=10.9 conftest.cpp >&5
configure:2809: $? = 0
configure:2830: result: o
configure:2834: checking whether we are using the GNU C++ compiler
configure:2853: g++ -c -march=core2 -mtune=haswell -mssse3 -ftree-vectorize -fPIC -fPIE -fstack-protector-strong -O2 -pipe -stdlib=libc++ -fvisibility-inlines-hidden -std=c++14 -fmessage-length=0 -D_FORTIFY_SOURCE=2 -mmacosx-version-min=10.9 conftest.cpp >&5
configure:2853: $? = 0
configure:2862: result: yes
configure:2871: checking whether g++ accepts -g
configure:2891: g++ -c -g -D_FORTIFY_SOURCE=2 -mmacosx-version-min=10.9 conftest.cpp >&5
configure:2891: $? = 0
configure:2932: result: yes
configure:2958: checking whether make supports the include directive
configure:2973: make -f confmf.GNU && cat confinc.out
this is the am__doit target
configure:2976: $? = 0
configure:2995: result: yes (GNU style)
configure:3020: checking dependency style of g++
configure:3131: result: gcc3
configure:3191: checking for ranlib
configure:3218: result: /Users/jarico/Apps/anaconda3/bin/x86_64-apple-darwin13.4.0-ranlib
configure:3399: checking that generated files are newer than configure
configure:3405: result: done
configure:3428: creating ./config.status

## ---------------------- ##
## Running config.status. ##
## ---------------------- ##

This file was extended by taulop config.status 0.1, which was
generated by GNU Autoconf 2.69.  Invocation command line was

  CONFIG_FILES    = 
  CONFIG_HEADERS  = 
  CONFIG_LINKS    = 
  CONFIG_COMMANDS = 
  $ ./config.status 

on Ambroz.home

config.status:843: creating Makefile
config.status:843: creating tests/Makefile
config.status:843: creating config.h
config.status:1024: config.h is unchanged
config.status:1072: executing depfiles commands
config.status:1149: cd .       && sed -e '/# am--include-marker/d' Makefile         | make -f - am--depfiles
make: Nothing to be done for `am--depfiles'.
config.status:1154: $? = 0
config.status:1149: cd tests       && sed -e '/# am--include-marker/d' Makefile         | make -f - am--depfiles
make: Nothing to be done for `am--depfiles'.
config.status:1154: $? = 0

## ---------------- ##
## Cache variables. ##
## ---------------- ##

ac_cv_cxx_compiler_gnu=yes
ac_cv_env_CCC_set=
ac_cv_env_CCC_value=
ac_cv_env_CPPFLAGS_set=set
ac_cv_env_CPPFLAGS_value='-D_FORTIFY_SOURCE=2 -mmacosx-version-min=10.9'
ac_cv_env_CXXFLAGS_set=set
ac_cv_env_CXXFLAGS_value='-march=core2 -mtune=haswell -mssse3 -ftree-vectorize -fPIC -fPIE -fstack-protector-strong -O2 -pipe -stdlib=libc++ -fvisibility-inlines-hidden -std=c++14 -fmessage-length=0'
ac_cv_env_CXX_set=set
ac_cv_env_CXX_value=g++
ac_cv_env_LDFLAGS_set=set
ac_cv_env_LDFLAGS_value='-Wl,-pie -Wl,-headerpad_max_install_names -Wl,-dead_strip_dylibs'
ac_cv_env_LIBS_set=
ac_cv_env_LIBS_value=
ac_cv_env_build_alias_set=
ac_cv_env_build_alias_value=
ac_cv_env_host_alias_set=
ac_cv_env_host_alias_value=
ac_cv_env_target_alias_set=
ac_cv_env_target_alias_value=
ac_cv_objext=o
ac_cv_path_install='/usr/bin/install -c'
ac_cv_prog_AWK=awk
ac_cv_prog_ac_ct_RANLIB=/Users/jarico/Apps/anaconda3/bin/x86_64-apple-darwin13.4.0-ranlib
ac_cv_prog_cxx_g=yes
ac_cv_prog_make_make_set=yes
am_cv_CXX_dependencies_compiler_type=gcc3
am_cv_make_support_nested_variables=yes

## ----------------- ##
## Output variables. ##
## ----------------- ##

ACLOCAL='${SHELL} /Users/jarico/Documents/Investigacion/Software/libtaulop-master/missing aclocal-1.16'
AMDEPBACKSLASH='\'
AMDEP_FALSE='#'
AMDEP_TRUE=''
AMTAR='$${TAR-tar}'
AM_BACKSLASH='\'
AM_DEFAULT_V='$(AM_DEFAULT_VERBOSITY)'
AM_DEFAULT_VERBOSITY='0'
AM_V='$(V)'
AUTOCONF='${SHELL} /Users/jarico/Documents/Investigacion/Software/libtaulop-master/missing autoconf'
AUTOHEADER='${SHELL} /Users/jarico/Documents/Investigacion/Software/libtaulop-master/missing autoheader'
AUTOMAKE='${SHELL} /Users/jarico/Documents/Investigacion/Software/libtaulop-master/missing automake-1.16'
AWK='awk'
CPPFLAGS='-D_FORTIFY_SOURCE=2 -mmacosx-version-min=10.9'
CXX='g++'
CXXDEPMODE='depmode=gcc3'
CXXFLAGS=' -march=core2 -mtune=haswell -mssse3 -ftree-vectorize -fPIC -fPIE -fstack-protector-strong -O2 -pipe -stdlib=libc++ -fvisibility-inlines-hidden -std=c++14 -fmessage-length=0 -std=c++11 '
CYGPATH_W='echo'
DEFS='-DHAVE_CONFIG_H'
DEPDIR='.deps'
ECHO_C='\c'
ECHO_N=''
ECHO_T=''
EXEEXT=''
INSTALL_DATA='${INSTALL} -m 644'
INSTALL_PROGRAM='${INSTALL}'
INSTALL_SCRIPT='${INSTALL}'
INSTALL_STRIP_PROGRAM='$(install_sh) -c -s'
LDFLAGS='-Wl,-pie -Wl,-headerpad_max_install_names -Wl,-dead_strip_dylibs'
LIBOBJS=''
LIBS=''
LTLIBOBJS=''
MAKEINFO='${SHELL} /Users/jarico/Documents/Investigacion/Software/libtaulop-master/missing makeinfo'
MKDIR_P='./install-sh -c -d'
OBJEXT='o'
PACKAGE='taulop'
PACKAGE_BUGREPORT='jarico@unex.es'
PACKAGE_NAME='taulop'
PACKAGE_STRING='taulop 0.1'
PACKAGE_TARNAME='taulop'
PACKAGE_URL=''
PACKAGE_VERSION='0.1'
PATH_SEPARATOR=':'
RANLIB='/Users/jarico/Apps/anaconda3/bin/x86_64-apple-darwin13.4.0-ranlib'
SET_MAKE=''
SHELL='/bin/sh'
STRIP='/Users/jarico/Apps/anaconda3/bin/x86_64-apple-darwin13.4.0-strip'
VERSION='0.1'
ac_ct_CXX=''
am__EXEEXT_FALSE=''
am__EXEEXT_TRUE='#'
am__fastdepCXX_FALSE='#'
am__fastdepCXX_TRUE=''
am__include='include'
am__isrc=''
am__leading_dot='.'
am__nodep='_no'
am__quote=''
am__tar='$${TAR-tar} chof - "$$tardir"'
am__untar='$${TAR-tar} xf -'
bindir='${exec_prefix}/bin'
build_alias=''
datadir='${datarootdir}'
datarootdir='${prefix}/share'
docdir='${datarootdir}/doc/${PACKAGE_TARNAME}'
dvidir='${docdir}'
exec_prefix='${prefix}'
host_alias=''
htmldir='${docdir}'
includedir='${prefix}/include'
infodir='${datarootdir}/info'
install_sh='${SHELL} /Users/jarico/Documents/Investigacion/Software/libtaulop-master/install-sh'
libdir='${exec_prefix}/lib'
libexecdir='${exec_prefix}/libexec'
localedir='${datarootdir}/locale'
localstatedir='${prefix}/var'
mandir='${datarootdir}/man'
mkdir_p='$(MKDIR_P)'
oldincludedir='/usr/include'
pdfdir='${docdir}'
prefix='/Users/jarico/Documents/Investigacion/Software/libtaulop'
program_transform_name='s,x,x,'
psdir='${docdir}'
sbindir='${exec_prefix}/sbin'
sharedstatedir='${prefix}/com'
sysconfdir='${prefix}/etc'
target_alias=''

## ----------- ##
## confdefs.h. ##
## ----------- ##

/* confdefs.h */
#define PACKAGE_NAME "taulop"
#define PACKAGE_TARNAME "taulop"
#define PACKAGE_VERSION "0.1"
#define PACKAGE_STRING "taulop 0.1"
#define PACKAGE_BUGREPORT "jarico@unex.es"
#define PACKAGE_URL ""
#define PACKAGE "taulop"
#define VERSION "0.1"
#define PARAMS_FOLDER "/Users/jarico/Documents/Investigacion/Software/libtaulop-master/params/ciemat"

configure: exit 0
